0 info it worked if it ends with ok
1 verbose cli [ '/usr/bin/node', '/usr/bin/npm', 'run', 'unit' ]
2 info using npm@3.5.2
3 info using node@v8.10.0
4 verbose run-script [ 'preunit', 'unit', 'postunit' ]
5 info lifecycle HomeTasks@1.0.0~preunit: HomeTasks@1.0.0
6 silly lifecycle HomeTasks@1.0.0~preunit: no script for preunit, continuing
7 info lifecycle HomeTasks@1.0.0~unit: HomeTasks@1.0.0
8 verbose lifecycle HomeTasks@1.0.0~unit: unsafe-perm in lifecycle true
9 verbose lifecycle HomeTasks@1.0.0~unit: PATH: /usr/share/npm/bin/node-gyp-bin:/home/INTEXSOFT/eugene.slizh/Programs/Js/MyProjects/JSCource/node_modules/.bin:/home/INTEXSOFT/eugene.slizh/.sdkman/candidates/groovy/current/bin:/usr/local/sbin:/usr/local/bin:/usr/sbin:/usr/bin:/sbin:/bin:/usr/games:/usr/local/games:/snap/bin:/usr/lib/jvm/java-8-oracle/bin:/usr/lib/jvm/java-8-oracle/db/bin:/usr/lib/jvm/java-8-oracle/jre/bin
10 verbose lifecycle HomeTasks@1.0.0~unit: CWD: /home/INTEXSOFT/eugene.slizh/Programs/Js/MyProjects/JSCource
11 silly lifecycle HomeTasks@1.0.0~unit: Args: [ '-c', 'jasmine ./**/*.spec.js' ]
12 silly lifecycle HomeTasks@1.0.0~unit: Returned: code: 1  signal: null
13 info lifecycle HomeTasks@1.0.0~unit: Failed to exec unit script
14 verbose stack Error: HomeTasks@1.0.0 unit: `jasmine ./**/*.spec.js`
14 verbose stack Exit status 1
14 verbose stack     at EventEmitter.<anonymous> (/usr/share/npm/lib/utils/lifecycle.js:232:16)
14 verbose stack     at emitTwo (events.js:126:13)
14 verbose stack     at EventEmitter.emit (events.js:214:7)
14 verbose stack     at ChildProcess.<anonymous> (/usr/share/npm/lib/utils/spawn.js:24:14)
14 verbose stack     at emitTwo (events.js:126:13)
14 verbose stack     at ChildProcess.emit (events.js:214:7)
14 verbose stack     at maybeClose (internal/child_process.js:925:16)
14 verbose stack     at Process.ChildProcess._handle.onexit (internal/child_process.js:209:5)
15 verbose pkgid HomeTasks@1.0.0
16 verbose cwd /home/INTEXSOFT/eugene.slizh/Programs/Js/MyProjects/JSCource
17 error Linux 4.15.0-47-generic
18 error argv "/usr/bin/node" "/usr/bin/npm" "run" "unit"
19 error node v8.10.0
20 error npm  v3.5.2
21 error code ELIFECYCLE
22 error HomeTasks@1.0.0 unit: `jasmine ./**/*.spec.js`
22 error Exit status 1
23 error Failed at the HomeTasks@1.0.0 unit script 'jasmine ./**/*.spec.js'.
23 error Make sure you have the latest version of node.js and npm installed.
23 error If you do, this is most likely a problem with the HomeTasks package,
23 error not with npm itself.
23 error Tell the author that this fails on your system:
23 error     jasmine ./**/*.spec.js
23 error You can get information on how to open an issue for this project with:
23 error     npm bugs HomeTasks
23 error Or if that isn't available, you can get their info via:
23 error     npm owner ls HomeTasks
23 error There is likely additional logging output above.
24 verbose exit [ 1, true ]
